2025-04-17 09:07:12,049 [INFO] Start
2025-04-17 09:07:12,049 [INFO] Total valid area: 128.27
2025-04-17 09:07:46,732 [INFO] Start
2025-04-17 09:07:46,732 [WARNING] [Line 5] Skipped due to error: 1 validation error for RectangleSchema
width
  Input should be a valid number, unable to parse string as a number [type=float_parsing, input_value='qwe', input_type=str]
    For further information visit https://errors.pydantic.dev/2.10/v/float_parsing
2025-04-17 09:07:46,732 [INFO] Total valid area: 128.27
2025-04-20 14:57:42,534 [INFO] Start
2025-04-20 14:57:42,556 [INFO] Total valid area: 128.27
2025-04-20 14:57:51,986 [INFO] Start
2025-04-20 14:57:51,986 [INFO] Total valid area: 153.27
2025-04-20 14:58:07,818 [INFO] Start
2025-04-20 14:58:07,818 [INFO] Total valid area: 718.27
2025-04-20 14:58:18,173 [INFO] Start
2025-04-20 14:58:18,173 [INFO] Total valid area: 128.27
2025-04-20 14:58:28,150 [INFO] Start
2025-04-20 14:58:28,186 [WARNING] [Line 4] Skipped due to error: 1 validation error for RectangleSchema
width
  Input should be a valid number, unable to parse string as a number [type=float_parsing, input_value='a', input_type=str]
    For further information visit https://errors.pydantic.dev/2.10/v/float_parsing
2025-04-20 14:58:28,186 [INFO] Total valid area: 103.27
2025-04-20 14:58:46,029 [INFO] Start
2025-04-20 14:58:46,029 [WARNING] [Line 4] Skipped due to error: Expecting value: line 1 column 32 (char 31)
2025-04-20 14:58:46,029 [INFO] Total valid area: 103.27
2025-04-20 14:59:40,154 [INFO] Start
2025-04-20 14:59:40,154 [WARNING] [Line 5] Skipped due to error: Unknown shape type: 'diamond'
2025-04-20 14:59:40,154 [INFO] Total valid area: 128.27
2025-04-20 15:48:16,727 [INFO] Start
2025-04-20 15:48:16,728 [INFO] Total valid area: 128.27
2025-04-20 18:15:29,613 [INFO] Start
2025-04-20 18:15:29,613 [WARNING] [Line 4] Skipped due to error: 1 validation error for RectangleSchema
width
  Field required [type=missing, input_value={'type': 'rectangle', 'height': 5}, input_type=dict]
    For further information visit https://errors.pydantic.dev/2.10/v/missing
2025-04-20 18:15:29,613 [INFO] Total valid area: 103.27
2025-04-20 23:10:13,211 [INFO] Start
2025-04-20 23:10:13,211 [INFO] Total valid area: 203.27
2025-04-20 23:37:07,067 [INFO] Start
2025-04-20 23:37:07,067 [INFO] Total valid area: 50.00
2025-04-21 22:48:27,538 [INFO] Start
2025-04-29 10:54:55,792 [INFO] Start
2025-04-29 10:54:55,792 [WARNING] [Line 1] Skipped due to error: the JSON object must be str, bytes or bytearray, not dict
2025-04-29 10:54:55,792 [WARNING] [Line 2] Skipped due to error: the JSON object must be str, bytes or bytearray, not dict
2025-04-29 10:54:55,792 [WARNING] [Line 3] Skipped due to error: the JSON object must be str, bytes or bytearray, not dict
2025-04-29 10:54:55,792 [WARNING] [Line 4] Skipped due to error: the JSON object must be str, bytes or bytearray, not dict
2025-04-29 10:54:55,792 [INFO] Total valid area: 0.00
2025-04-29 10:56:31,650 [INFO] Start
2025-04-29 10:58:08,624 [INFO] Start
2025-04-29 11:03:36,700 [INFO] Start
2025-04-29 11:03:36,701 [INFO] Total valid area: 203.27
2025-04-29 11:06:10,013 [INFO] Start
2025-04-29 11:06:10,013 [INFO] Total valid area: 203.27
2025-04-29 12:02:49,928 [INFO] Start
2025-04-29 12:02:49,928 [INFO] Total valid area: 203.27
2025-04-29 12:08:28,820 [INFO] Start
2025-04-29 12:08:28,820 [INFO] Total valid area: 203.27
2025-04-29 12:24:58,747 [INFO] Start
2025-04-29 12:24:58,747 [INFO] Total valid area: 203.27
2025-05-01 09:08:10,618 [ERROR] File not found: [Errno 2] No such file or directory: 'shapes.json'
2025-05-01 09:08:21,913 [INFO] Start
2025-05-01 09:08:21,913 [INFO] Total valid area: 144.27
2025-05-01 09:36:57,612 [INFO] Start
2025-05-01 09:36:57,612 [INFO] Total valid area: 144.27
